satodime-android/build/intermediates/manifest_merge_blame_file/release/manifest-merger-blame-release-report.txt
1<?xml version="1.0" encoding="utf-8"?>
2<manifest xmlns:android="http://schemas.android.com/apk/res/android"
3    package="org.satochip.blank"
4    android:versionCode="102"
5    android:versionName="0.1.2" >
6
7    <uses-sdk
8        android:minSdkVersion="27"
8-->src/main/AndroidManifest.xml
9        android:targetSdkVersion="33" />
9-->src/main/AndroidManifest.xml
10
11    <uses-permission android:name="android.permission.NFC" />
11-->src/main/AndroidManifest.xml:5:5-62
11-->src/main/AndroidManifest.xml:5:22-59
12    <uses-permission android:name="android.permission.INTERNET" />
12-->src/main/AndroidManifest.xml:6:5-67
12-->src/main/AndroidManifest.xml:6:22-64
13
14    <uses-feature
14-->src/main/AndroidManifest.xml:8:5-10:36
15        android:name="android.hardware.nfc"
15-->src/main/AndroidManifest.xml:9:9-44
16        android:required="false" />
16-->src/main/AndroidManifest.xml:10:9-33
17    <uses-feature
17-->src/main/AndroidManifest.xml:11:5-13:36
18        android:name="android.hardware.nfc.hce"
18-->src/main/AndroidManifest.xml:12:9-48
19        android:required="false" />
19-->src/main/AndroidManifest.xml:13:9-33
20
21    <application
21-->src/main/AndroidManifest.xml:15:5-48:19
22        android:name="org.satochip.satodimeapp.ApplicationClass"
22-->src/main/AndroidManifest.xml:16:9-41
23        android:allowBackup="true"
23-->src/main/AndroidManifest.xml:17:9-35
24        android:appComponentFactory="androidx.core.app.CoreComponentFactory"
24-->[androidx.core:core:1.7.0] AndroidManifest.xml:24:18-86
25        android:extractNativeLibs="false"
26        android:icon="@mipmap/ic_launcher"
26-->src/main/AndroidManifest.xml:18:9-43
27        android:label="@string/app_name"
27-->src/main/AndroidManifest.xml:19:9-41
28        android:supportsRtl="true"
28-->src/main/AndroidManifest.xml:20:9-35
29        android:theme="@style/AppTheme" >
29-->src/main/AndroidManifest.xml:21:9-40
30        <activity
30-->src/main/AndroidManifest.xml:22:9-35:20
31            android:name="org.satochip.satodimeapp.ui.activity.SplashScreen"
31-->src/main/AndroidManifest.xml:23:13-53
32            android:configChanges="keyboard|keyboardHidden|navigation|orientation|screenLayout|uiMode|screenSize"
32-->src/main/AndroidManifest.xml:24:13-114
33            android:exported="true"
33-->src/main/AndroidManifest.xml:25:13-36
34            android:launchMode="singleInstance"
34-->src/main/AndroidManifest.xml:26:13-48
35            android:screenOrientation="portrait"
35-->src/main/AndroidManifest.xml:27:13-49
36            android:theme="@style/AppTheme_Splash"
36-->src/main/AndroidManifest.xml:28:13-51
37            android:windowSoftInputMode="stateHidden|stateAlwaysHidden|adjustPan" >
37-->src/main/AndroidManifest.xml:29:13-82
38            <intent-filter>
38-->src/main/AndroidManifest.xml:30:13-34:29
39                <action android:name="android.intent.action.MAIN" />
39-->src/main/AndroidManifest.xml:31:17-69
39-->src/main/AndroidManifest.xml:31:25-66
40
41                <category android:name="android.intent.category.LAUNCHER" />
41-->src/main/AndroidManifest.xml:33:17-77
41-->src/main/AndroidManifest.xml:33:27-74
42            </intent-filter>
43        </activity>
44        <activity
44-->src/main/AndroidManifest.xml:36:9-39:39
45            android:name="org.satochip.satodimeapp.MainActivity"
45-->src/main/AndroidManifest.xml:37:13-41
46            android:exported="true"
46-->src/main/AndroidManifest.xml:39:13-36
47            android:screenOrientation="portrait" />
47-->src/main/AndroidManifest.xml:38:13-49
48        <activity
48-->src/main/AndroidManifest.xml:40:9-47:85
49            android:name="org.satochip.satodimeapp.ui.activity.OnBoardingActivity"
49-->src/main/AndroidManifest.xml:41:13-59
50            android:configChanges="keyboard|keyboardHidden|navigation|orientation|screenLayout|uiMode|screenSize"
50-->src/main/AndroidManifest.xml:43:13-114
51            android:exported="true"
51-->src/main/AndroidManifest.xml:42:13-36
52            android:launchMode="singleInstance"
52-->src/main/AndroidManifest.xml:44:13-48
53            android:screenOrientation="portrait"
53-->src/main/AndroidManifest.xml:45:13-49
54            android:theme="@style/AppTheme_Splash"
54-->src/main/AndroidManifest.xml:46:13-51
55            android:windowSoftInputMode="stateHidden|stateAlwaysHidden|adjustPan" />
55-->src/main/AndroidManifest.xml:47:13-82
56
57        <provider
57-->[androidx.emoji2:emoji2:1.0.0] AndroidManifest.xml:26:9-34:20
58            android:name="androidx.startup.InitializationProvider"
58-->[androidx.emoji2:emoji2:1.0.0] AndroidManifest.xml:27:13-67
59            android:authorities="org.satochip.blank.androidx-startup"
59-->[androidx.emoji2:emoji2:1.0.0] AndroidManifest.xml:28:13-68
60            android:exported="false" >
60-->[androidx.emoji2:emoji2:1.0.0] AndroidManifest.xml:29:13-37
61            <meta-data
61-->[androidx.emoji2:emoji2:1.0.0] AndroidManifest.xml:31:13-33:52
62                android:name="androidx.emoji2.text.EmojiCompatInitializer"
62-->[androidx.emoji2:emoji2:1.0.0] AndroidManifest.xml:32:17-75
63                android:value="androidx.startup" />
63-->[androidx.emoji2:emoji2:1.0.0] AndroidManifest.xml:33:17-49
64            <meta-data
64-->[androidx.lifecycle:lifecycle-process:2.4.0] AndroidManifest.xml:31:13-33:52
65                android:name="androidx.lifecycle.ProcessLifecycleInitializer"
65-->[androidx.lifecycle:lifecycle-process:2.4.0] AndroidManifest.xml:32:17-78
66                android:value="androidx.startup" />
66-->[androidx.lifecycle:lifecycle-process:2.4.0] AndroidManifest.xml:33:17-49
67        </provider>
68
69        <uses-library
69-->[androidx.window:window:1.0.0] AndroidManifest.xml:25:9-27:40
70            android:name="androidx.window.extensions"
70-->[androidx.window:window:1.0.0] AndroidManifest.xml:26:13-54
71            android:required="false" />
71-->[androidx.window:window:1.0.0] AndroidManifest.xml:27:13-37
72        <uses-library
72-->[androidx.window:window:1.0.0] AndroidManifest.xml:28:9-30:40
73            android:name="androidx.window.sidecar"
73-->[androidx.window:window:1.0.0] AndroidManifest.xml:29:13-51
74            android:required="false" />
74-->[androidx.window:window:1.0.0] AndroidManifest.xml:30:13-37
75    </application>
76
77</manifest>